2023-01-13 16:34:03 876 [main] [org.apache.flink.runtime.metrics.ReporterSetup] [ERROR] - Could not instantiate metrics reporter promgateway. Metrics might not be exposed/reported.
java.lang.ClassNotFoundException: org.apache.flink.metrics.prometheus.CustomedPrometheusPushGatewayReporter
	at java.net.URLClassLoader.findClass(URLClassLoader.java:382)
	at java.lang.ClassLoader.loadClass(ClassLoader.java:418)
	at sun.misc.Launcher$AppClassLoader.loadClass(Launcher.java:355)
	at java.lang.ClassLoader.loadClass(ClassLoader.java:351)
	at java.lang.Class.forName0(Native Method)
	at java.lang.Class.forName(Class.java:264)
	at org.apache.flink.runtime.metrics.ReporterSetup.loadViaReflection(ReporterSetup.java:388)
	at org.apache.flink.runtime.metrics.ReporterSetup.loadReporter(ReporterSetup.java:342)
	at org.apache.flink.runtime.metrics.ReporterSetup.setupReporters(ReporterSetup.java:286)
	at org.apache.flink.runtime.metrics.ReporterSetup.fromConfiguration(ReporterSetup.java:167)
	at org.apache.flink.runtime.minicluster.MiniCluster.createMetricRegistry(MiniCluster.java:929)
	at org.apache.flink.runtime.minicluster.MiniCluster.start(MiniCluster.java:287)
	at org.apache.flink.client.program.PerJobMiniClusterFactory.submitJob(PerJobMiniClusterFactory.java:75)
	at org.apache.flink.client.deployment.executors.LocalExecutor.execute(LocalExecutor.java:85)
	at org.apache.flink.streaming.api.environment.StreamExecutionEnvironment.executeAsync(StreamExecutionEnvironment.java:2043)
	at org.apache.flink.table.planner.delegation.DefaultExecutor.executeAsync(DefaultExecutor.java:95)
	at org.apache.flink.table.api.internal.TableEnvironmentImpl.executeInternal(TableEnvironmentImpl.java:773)
	at org.apache.flink.table.api.internal.TableEnvironmentImpl.executeInternal(TableEnvironmentImpl.java:754)
	at org.apache.flink.table.api.internal.TableEnvironmentImpl.executeInternal(TableEnvironmentImpl.java:872)
	at org.apache.flink.table.api.internal.TableEnvironmentImpl.executeSql(TableEnvironmentImpl.java:742)
	at org.sql.FlinkSqlWithKafka.main(FlinkSqlWithKafka.java:55)
2023-01-13 16:34:05 033 [main] [org.apache.flink.runtime.webmonitor.WebMonitorUtils] [WARN] - Log file environment variable 'log.file' is not set.
2023-01-13 16:34:05 034 [main] [org.apache.flink.runtime.webmonitor.WebMonitorUtils] [WARN] - JobManager log files are unavailable in the web dashboard. Log file location not found in environment variable 'log.file' or configuration key 'web.log.path'.
2023-01-13 16:34:06 726 [SourceCoordinator-Source: KafkaSource-default_catalog.default_database.john_test_source_tb -> Calc(select=[user_id AS account_id])] [org.apache.kafka.clients.consumer.ConsumerConfig] [WARN] - The configuration 'client.id.prefix' was supplied but isn't a known config.
2023-01-13 16:34:06 727 [SourceCoordinator-Source: KafkaSource-default_catalog.default_database.john_test_source_tb -> Calc(select=[user_id AS account_id])] [org.apache.kafka.clients.consumer.ConsumerConfig] [WARN] - The configuration 'partition.discovery.interval.ms' was supplied but isn't a known config.
2023-01-13 16:34:06 774 [SourceCoordinator-Source: KafkaSource-default_catalog.default_database.john_test_source_tb -> Calc(select=[user_id AS account_id])] [org.apache.kafka.clients.admin.AdminClientConfig] [WARN] - The configuration 'key.deserializer' was supplied but isn't a known config.
2023-01-13 16:34:06 774 [SourceCoordinator-Source: KafkaSource-default_catalog.default_database.john_test_source_tb -> Calc(select=[user_id AS account_id])] [org.apache.kafka.clients.admin.AdminClientConfig] [WARN] - The configuration 'value.deserializer' was supplied but isn't a known config.
2023-01-13 16:34:06 774 [SourceCoordinator-Source: KafkaSource-default_catalog.default_database.john_test_source_tb -> Calc(select=[user_id AS account_id])] [org.apache.kafka.clients.admin.AdminClientConfig] [WARN] - The configuration 'enable.auto.commit' was supplied but isn't a known config.
2023-01-13 16:34:06 774 [SourceCoordinator-Source: KafkaSource-default_catalog.default_database.john_test_source_tb -> Calc(select=[user_id AS account_id])] [org.apache.kafka.clients.admin.AdminClientConfig] [WARN] - The configuration 'group.id' was supplied but isn't a known config.
2023-01-13 16:34:06 774 [SourceCoordinator-Source: KafkaSource-default_catalog.default_database.john_test_source_tb -> Calc(select=[user_id AS account_id])] [org.apache.kafka.clients.admin.AdminClientConfig] [WARN] - The configuration 'client.id.prefix' was supplied but isn't a known config.
2023-01-13 16:34:06 774 [SourceCoordinator-Source: KafkaSource-default_catalog.default_database.john_test_source_tb -> Calc(select=[user_id AS account_id])] [org.apache.kafka.clients.admin.AdminClientConfig] [WARN] - The configuration 'partition.discovery.interval.ms' was supplied but isn't a known config.
2023-01-13 16:34:06 774 [SourceCoordinator-Source: KafkaSource-default_catalog.default_database.john_test_source_tb -> Calc(select=[user_id AS account_id])] [org.apache.kafka.clients.admin.AdminClientConfig] [WARN] - The configuration 'auto.offset.reset' was supplied but isn't a known config.
2023-01-13 16:34:06 845 [GroupAggregate(groupBy=[account_id], select=[account_id, COUNT(*) AS number]) -> Calc(select=[number]) -> Sink: Sink(table=[default_catalog.default_database.john_test_sink_tb], fields=[number]) (1/16)#0] [org.apache.flink.metrics.MetricGroup] [WARN] - The operator name Sink: Sink(table=[default_catalog.default_database.john_test_sink_tb], fields=[number]) exceeded the 80 characters length limit and was truncated.
2023-01-13 16:34:06 845 [GroupAggregate(groupBy=[account_id], select=[account_id, COUNT(*) AS number]) -> Calc(select=[number]) -> Sink: Sink(table=[default_catalog.default_database.john_test_sink_tb], fields=[number]) (2/16)#0] [org.apache.flink.metrics.MetricGroup] [WARN] - The operator name Sink: Sink(table=[default_catalog.default_database.john_test_sink_tb], fields=[number]) exceeded the 80 characters length limit and was truncated.
2023-01-13 16:34:06 845 [GroupAggregate(groupBy=[account_id], select=[account_id, COUNT(*) AS number]) -> Calc(select=[number]) -> Sink: Sink(table=[default_catalog.default_database.john_test_sink_tb], fields=[number]) (8/16)#0] [org.apache.flink.metrics.MetricGroup] [WARN] - The operator name Sink: Sink(table=[default_catalog.default_database.john_test_sink_tb], fields=[number]) exceeded the 80 characters length limit and was truncated.
2023-01-13 16:34:06 845 [GroupAggregate(groupBy=[account_id], select=[account_id, COUNT(*) AS number]) -> Calc(select=[number]) -> Sink: Sink(table=[default_catalog.default_database.john_test_sink_tb], fields=[number]) (7/16)#0] [org.apache.flink.metrics.MetricGroup] [WARN] - The operator name Sink: Sink(table=[default_catalog.default_database.john_test_sink_tb], fields=[number]) exceeded the 80 characters length limit and was truncated.
2023-01-13 16:34:06 845 [GroupAggregate(groupBy=[account_id], select=[account_id, COUNT(*) AS number]) -> Calc(select=[number]) -> Sink: Sink(table=[default_catalog.default_database.john_test_sink_tb], fields=[number]) (6/16)#0] [org.apache.flink.metrics.MetricGroup] [WARN] - The operator name Sink: Sink(table=[default_catalog.default_database.john_test_sink_tb], fields=[number]) exceeded the 80 characters length limit and was truncated.
2023-01-13 16:34:06 849 [GroupAggregate(groupBy=[account_id], select=[account_id, COUNT(*) AS number]) -> Calc(select=[number]) -> Sink: Sink(table=[default_catalog.default_database.john_test_sink_tb], fields=[number]) (5/16)#0] [org.apache.flink.metrics.MetricGroup] [WARN] - The operator name Sink: Sink(table=[default_catalog.default_database.john_test_sink_tb], fields=[number]) exceeded the 80 characters length limit and was truncated.
2023-01-13 16:34:06 849 [GroupAggregate(groupBy=[account_id], select=[account_id, COUNT(*) AS number]) -> Calc(select=[number]) -> Sink: Sink(table=[default_catalog.default_database.john_test_sink_tb], fields=[number]) (9/16)#0] [org.apache.flink.metrics.MetricGroup] [WARN] - The operator name Sink: Sink(table=[default_catalog.default_database.john_test_sink_tb], fields=[number]) exceeded the 80 characters length limit and was truncated.
2023-01-13 16:34:06 846 [GroupAggregate(groupBy=[account_id], select=[account_id, COUNT(*) AS number]) -> Calc(select=[number]) -> Sink: Sink(table=[default_catalog.default_database.john_test_sink_tb], fields=[number]) (4/16)#0] [org.apache.flink.metrics.MetricGroup] [WARN] - The operator name Sink: Sink(table=[default_catalog.default_database.john_test_sink_tb], fields=[number]) exceeded the 80 characters length limit and was truncated.
2023-01-13 16:34:06 846 [GroupAggregate(groupBy=[account_id], select=[account_id, COUNT(*) AS number]) -> Calc(select=[number]) -> Sink: Sink(table=[default_catalog.default_database.john_test_sink_tb], fields=[number]) (3/16)#0] [org.apache.flink.metrics.MetricGroup] [WARN] - The operator name Sink: Sink(table=[default_catalog.default_database.john_test_sink_tb], fields=[number]) exceeded the 80 characters length limit and was truncated.
2023-01-13 16:34:06 854 [GroupAggregate(groupBy=[account_id], select=[account_id, COUNT(*) AS number]) -> Calc(select=[number]) -> Sink: Sink(table=[default_catalog.default_database.john_test_sink_tb], fields=[number]) (10/16)#0] [org.apache.flink.metrics.MetricGroup] [WARN] - The operator name Sink: Sink(table=[default_catalog.default_database.john_test_sink_tb], fields=[number]) exceeded the 80 characters length limit and was truncated.
2023-01-13 16:34:06 861 [GroupAggregate(groupBy=[account_id], select=[account_id, COUNT(*) AS number]) -> Calc(select=[number]) -> Sink: Sink(table=[default_catalog.default_database.john_test_sink_tb], fields=[number]) (11/16)#0] [org.apache.flink.metrics.MetricGroup] [WARN] - The operator name Sink: Sink(table=[default_catalog.default_database.john_test_sink_tb], fields=[number]) exceeded the 80 characters length limit and was truncated.
2023-01-13 16:34:06 864 [GroupAggregate(groupBy=[account_id], select=[account_id, COUNT(*) AS number]) -> Calc(select=[number]) -> Sink: Sink(table=[default_catalog.default_database.john_test_sink_tb], fields=[number]) (12/16)#0] [org.apache.flink.metrics.MetricGroup] [WARN] - The operator name Sink: Sink(table=[default_catalog.default_database.john_test_sink_tb], fields=[number]) exceeded the 80 characters length limit and was truncated.
2023-01-13 16:34:06 867 [GroupAggregate(groupBy=[account_id], select=[account_id, COUNT(*) AS number]) -> Calc(select=[number]) -> Sink: Sink(table=[default_catalog.default_database.john_test_sink_tb], fields=[number]) (13/16)#0] [org.apache.flink.metrics.MetricGroup] [WARN] - The operator name Sink: Sink(table=[default_catalog.default_database.john_test_sink_tb], fields=[number]) exceeded the 80 characters length limit and was truncated.
2023-01-13 16:34:06 869 [GroupAggregate(groupBy=[account_id], select=[account_id, COUNT(*) AS number]) -> Calc(select=[number]) -> Sink: Sink(table=[default_catalog.default_database.john_test_sink_tb], fields=[number]) (14/16)#0] [org.apache.flink.metrics.MetricGroup] [WARN] - The operator name Sink: Sink(table=[default_catalog.default_database.john_test_sink_tb], fields=[number]) exceeded the 80 characters length limit and was truncated.
2023-01-13 16:34:06 875 [GroupAggregate(groupBy=[account_id], select=[account_id, COUNT(*) AS number]) -> Calc(select=[number]) -> Sink: Sink(table=[default_catalog.default_database.john_test_sink_tb], fields=[number]) (15/16)#0] [org.apache.flink.metrics.MetricGroup] [WARN] - The operator name Sink: Sink(table=[default_catalog.default_database.john_test_sink_tb], fields=[number]) exceeded the 80 characters length limit and was truncated.
2023-01-13 16:34:06 884 [GroupAggregate(groupBy=[account_id], select=[account_id, COUNT(*) AS number]) -> Calc(select=[number]) -> Sink: Sink(table=[default_catalog.default_database.john_test_sink_tb], fields=[number]) (16/16)#0] [org.apache.flink.metrics.MetricGroup] [WARN] - The operator name Sink: Sink(table=[default_catalog.default_database.john_test_sink_tb], fields=[number]) exceeded the 80 characters length limit and was truncated.
2023-01-13 16:34:07 346 [Source: KafkaSource-default_catalog.default_database.john_test_source_tb -> Calc(select=[user_id AS account_id]) (14/16)#0] [org.apache.kafka.clients.consumer.ConsumerConfig] [WARN] - The configuration 'client.id.prefix' was supplied but isn't a known config.
2023-01-13 16:34:07 346 [Source: KafkaSource-default_catalog.default_database.john_test_source_tb -> Calc(select=[user_id AS account_id]) (14/16)#0] [org.apache.kafka.clients.consumer.ConsumerConfig] [WARN] - The configuration 'partition.discovery.interval.ms' was supplied but isn't a known config.
2023-01-13 16:34:54 091 [main] [org.apache.flink.runtime.metrics.ReporterSetup] [ERROR] - Could not instantiate metrics reporter promgateway. Metrics might not be exposed/reported.
java.lang.ClassNotFoundException: org.apache.flink.metrics.prometheus.CustomedPrometheusPushGatewayReporter
	at java.net.URLClassLoader.findClass(URLClassLoader.java:382)
	at java.lang.ClassLoader.loadClass(ClassLoader.java:418)
	at sun.misc.Launcher$AppClassLoader.loadClass(Launcher.java:355)
	at java.lang.ClassLoader.loadClass(ClassLoader.java:351)
	at java.lang.Class.forName0(Native Method)
	at java.lang.Class.forName(Class.java:264)
	at org.apache.flink.runtime.metrics.ReporterSetup.loadViaReflection(ReporterSetup.java:388)
	at org.apache.flink.runtime.metrics.ReporterSetup.loadReporter(ReporterSetup.java:342)
	at org.apache.flink.runtime.metrics.ReporterSetup.setupReporters(ReporterSetup.java:286)
	at org.apache.flink.runtime.metrics.ReporterSetup.fromConfiguration(ReporterSetup.java:167)
	at org.apache.flink.runtime.minicluster.MiniCluster.createMetricRegistry(MiniCluster.java:929)
	at org.apache.flink.runtime.minicluster.MiniCluster.start(MiniCluster.java:287)
	at org.apache.flink.client.program.PerJobMiniClusterFactory.submitJob(PerJobMiniClusterFactory.java:75)
	at org.apache.flink.client.deployment.executors.LocalExecutor.execute(LocalExecutor.java:85)
	at org.apache.flink.streaming.api.environment.StreamExecutionEnvironment.executeAsync(StreamExecutionEnvironment.java:2043)
	at org.apache.flink.table.planner.delegation.DefaultExecutor.executeAsync(DefaultExecutor.java:95)
	at org.apache.flink.table.api.internal.TableEnvironmentImpl.executeInternal(TableEnvironmentImpl.java:773)
	at org.apache.flink.table.api.internal.TableEnvironmentImpl.executeInternal(TableEnvironmentImpl.java:754)
	at org.apache.flink.table.api.internal.TableEnvironmentImpl.executeInternal(TableEnvironmentImpl.java:872)
	at org.apache.flink.table.api.internal.TableEnvironmentImpl.executeSql(TableEnvironmentImpl.java:742)
	at org.sql.FlinkSqlWithKafka.main(FlinkSqlWithKafka.java:55)
2023-01-13 16:34:55 330 [main] [org.apache.flink.runtime.webmonitor.WebMonitorUtils] [WARN] - Log file environment variable 'log.file' is not set.
2023-01-13 16:34:55 330 [main] [org.apache.flink.runtime.webmonitor.WebMonitorUtils] [WARN] - JobManager log files are unavailable in the web dashboard. Log file location not found in environment variable 'log.file' or configuration key 'web.log.path'.
2023-01-13 16:34:57 080 [SourceCoordinator-Source: KafkaSource-default_catalog.default_database.john_test_source_tb -> Calc(select=[user_id AS account_id])] [org.apache.kafka.clients.consumer.ConsumerConfig] [WARN] - The configuration 'client.id.prefix' was supplied but isn't a known config.
2023-01-13 16:34:57 080 [SourceCoordinator-Source: KafkaSource-default_catalog.default_database.john_test_source_tb -> Calc(select=[user_id AS account_id])] [org.apache.kafka.clients.consumer.ConsumerConfig] [WARN] - The configuration 'partition.discovery.interval.ms' was supplied but isn't a known config.
2023-01-13 16:34:57 138 [SourceCoordinator-Source: KafkaSource-default_catalog.default_database.john_test_source_tb -> Calc(select=[user_id AS account_id])] [org.apache.kafka.clients.admin.AdminClientConfig] [WARN] - The configuration 'key.deserializer' was supplied but isn't a known config.
2023-01-13 16:34:57 139 [SourceCoordinator-Source: KafkaSource-default_catalog.default_database.john_test_source_tb -> Calc(select=[user_id AS account_id])] [org.apache.kafka.clients.admin.AdminClientConfig] [WARN] - The configuration 'value.deserializer' was supplied but isn't a known config.
2023-01-13 16:34:57 139 [SourceCoordinator-Source: KafkaSource-default_catalog.default_database.john_test_source_tb -> Calc(select=[user_id AS account_id])] [org.apache.kafka.clients.admin.AdminClientConfig] [WARN] - The configuration 'enable.auto.commit' was supplied but isn't a known config.
2023-01-13 16:34:57 139 [SourceCoordinator-Source: KafkaSource-default_catalog.default_database.john_test_source_tb -> Calc(select=[user_id AS account_id])] [org.apache.kafka.clients.admin.AdminClientConfig] [WARN] - The configuration 'group.id' was supplied but isn't a known config.
2023-01-13 16:34:57 139 [SourceCoordinator-Source: KafkaSource-default_catalog.default_database.john_test_source_tb -> Calc(select=[user_id AS account_id])] [org.apache.kafka.clients.admin.AdminClientConfig] [WARN] - The configuration 'client.id.prefix' was supplied but isn't a known config.
2023-01-13 16:34:57 139 [SourceCoordinator-Source: KafkaSource-default_catalog.default_database.john_test_source_tb -> Calc(select=[user_id AS account_id])] [org.apache.kafka.clients.admin.AdminClientConfig] [WARN] - The configuration 'partition.discovery.interval.ms' was supplied but isn't a known config.
2023-01-13 16:34:57 139 [SourceCoordinator-Source: KafkaSource-default_catalog.default_database.john_test_source_tb -> Calc(select=[user_id AS account_id])] [org.apache.kafka.clients.admin.AdminClientConfig] [WARN] - The configuration 'auto.offset.reset' was supplied but isn't a known config.
2023-01-13 16:34:57 201 [GroupAggregate(groupBy=[account_id], select=[account_id, COUNT(*) AS number]) -> Calc(select=[number]) -> Sink: Sink(table=[default_catalog.default_database.john_test_sink_tb], fields=[number]) (1/16)#0] [org.apache.flink.metrics.MetricGroup] [WARN] - The operator name Sink: Sink(table=[default_catalog.default_database.john_test_sink_tb], fields=[number]) exceeded the 80 characters length limit and was truncated.
2023-01-13 16:34:57 201 [GroupAggregate(groupBy=[account_id], select=[account_id, COUNT(*) AS number]) -> Calc(select=[number]) -> Sink: Sink(table=[default_catalog.default_database.john_test_sink_tb], fields=[number]) (3/16)#0] [org.apache.flink.metrics.MetricGroup] [WARN] - The operator name Sink: Sink(table=[default_catalog.default_database.john_test_sink_tb], fields=[number]) exceeded the 80 characters length limit and was truncated.
2023-01-13 16:34:57 201 [GroupAggregate(groupBy=[account_id], select=[account_id, COUNT(*) AS number]) -> Calc(select=[number]) -> Sink: Sink(table=[default_catalog.default_database.john_test_sink_tb], fields=[number]) (6/16)#0] [org.apache.flink.metrics.MetricGroup] [WARN] - The operator name Sink: Sink(table=[default_catalog.default_database.john_test_sink_tb], fields=[number]) exceeded the 80 characters length limit and was truncated.
2023-01-13 16:34:57 205 [GroupAggregate(groupBy=[account_id], select=[account_id, COUNT(*) AS number]) -> Calc(select=[number]) -> Sink: Sink(table=[default_catalog.default_database.john_test_sink_tb], fields=[number]) (2/16)#0] [org.apache.flink.metrics.MetricGroup] [WARN] - The operator name Sink: Sink(table=[default_catalog.default_database.john_test_sink_tb], fields=[number]) exceeded the 80 characters length limit and was truncated.
2023-01-13 16:34:57 205 [GroupAggregate(groupBy=[account_id], select=[account_id, COUNT(*) AS number]) -> Calc(select=[number]) -> Sink: Sink(table=[default_catalog.default_database.john_test_sink_tb], fields=[number]) (9/16)#0] [org.apache.flink.metrics.MetricGroup] [WARN] - The operator name Sink: Sink(table=[default_catalog.default_database.john_test_sink_tb], fields=[number]) exceeded the 80 characters length limit and was truncated.
2023-01-13 16:34:57 205 [GroupAggregate(groupBy=[account_id], select=[account_id, COUNT(*) AS number]) -> Calc(select=[number]) -> Sink: Sink(table=[default_catalog.default_database.john_test_sink_tb], fields=[number]) (4/16)#0] [org.apache.flink.metrics.MetricGroup] [WARN] - The operator name Sink: Sink(table=[default_catalog.default_database.john_test_sink_tb], fields=[number]) exceeded the 80 characters length limit and was truncated.
2023-01-13 16:34:57 207 [GroupAggregate(groupBy=[account_id], select=[account_id, COUNT(*) AS number]) -> Calc(select=[number]) -> Sink: Sink(table=[default_catalog.default_database.john_test_sink_tb], fields=[number]) (11/16)#0] [org.apache.flink.metrics.MetricGroup] [WARN] - The operator name Sink: Sink(table=[default_catalog.default_database.john_test_sink_tb], fields=[number]) exceeded the 80 characters length limit and was truncated.
2023-01-13 16:34:57 207 [GroupAggregate(groupBy=[account_id], select=[account_id, COUNT(*) AS number]) -> Calc(select=[number]) -> Sink: Sink(table=[default_catalog.default_database.john_test_sink_tb], fields=[number]) (8/16)#0] [org.apache.flink.metrics.MetricGroup] [WARN] - The operator name Sink: Sink(table=[default_catalog.default_database.john_test_sink_tb], fields=[number]) exceeded the 80 characters length limit and was truncated.
2023-01-13 16:34:57 211 [GroupAggregate(groupBy=[account_id], select=[account_id, COUNT(*) AS number]) -> Calc(select=[number]) -> Sink: Sink(table=[default_catalog.default_database.john_test_sink_tb], fields=[number]) (5/16)#0] [org.apache.flink.metrics.MetricGroup] [WARN] - The operator name Sink: Sink(table=[default_catalog.default_database.john_test_sink_tb], fields=[number]) exceeded the 80 characters length limit and was truncated.
2023-01-13 16:34:57 212 [GroupAggregate(groupBy=[account_id], select=[account_id, COUNT(*) AS number]) -> Calc(select=[number]) -> Sink: Sink(table=[default_catalog.default_database.john_test_sink_tb], fields=[number]) (10/16)#0] [org.apache.flink.metrics.MetricGroup] [WARN] - The operator name Sink: Sink(table=[default_catalog.default_database.john_test_sink_tb], fields=[number]) exceeded the 80 characters length limit and was truncated.
2023-01-13 16:34:57 223 [GroupAggregate(groupBy=[account_id], select=[account_id, COUNT(*) AS number]) -> Calc(select=[number]) -> Sink: Sink(table=[default_catalog.default_database.john_test_sink_tb], fields=[number]) (7/16)#0] [org.apache.flink.metrics.MetricGroup] [WARN] - The operator name Sink: Sink(table=[default_catalog.default_database.john_test_sink_tb], fields=[number]) exceeded the 80 characters length limit and was truncated.
2023-01-13 16:34:57 227 [GroupAggregate(groupBy=[account_id], select=[account_id, COUNT(*) AS number]) -> Calc(select=[number]) -> Sink: Sink(table=[default_catalog.default_database.john_test_sink_tb], fields=[number]) (13/16)#0] [org.apache.flink.metrics.MetricGroup] [WARN] - The operator name Sink: Sink(table=[default_catalog.default_database.john_test_sink_tb], fields=[number]) exceeded the 80 characters length limit and was truncated.
2023-01-13 16:34:57 227 [GroupAggregate(groupBy=[account_id], select=[account_id, COUNT(*) AS number]) -> Calc(select=[number]) -> Sink: Sink(table=[default_catalog.default_database.john_test_sink_tb], fields=[number]) (14/16)#0] [org.apache.flink.metrics.MetricGroup] [WARN] - The operator name Sink: Sink(table=[default_catalog.default_database.john_test_sink_tb], fields=[number]) exceeded the 80 characters length limit and was truncated.
2023-01-13 16:34:57 227 [GroupAggregate(groupBy=[account_id], select=[account_id, COUNT(*) AS number]) -> Calc(select=[number]) -> Sink: Sink(table=[default_catalog.default_database.john_test_sink_tb], fields=[number]) (12/16)#0] [org.apache.flink.metrics.MetricGroup] [WARN] - The operator name Sink: Sink(table=[default_catalog.default_database.john_test_sink_tb], fields=[number]) exceeded the 80 characters length limit and was truncated.
2023-01-13 16:34:57 232 [GroupAggregate(groupBy=[account_id], select=[account_id, COUNT(*) AS number]) -> Calc(select=[number]) -> Sink: Sink(table=[default_catalog.default_database.john_test_sink_tb], fields=[number]) (15/16)#0] [org.apache.flink.metrics.MetricGroup] [WARN] - The operator name Sink: Sink(table=[default_catalog.default_database.john_test_sink_tb], fields=[number]) exceeded the 80 characters length limit and was truncated.
2023-01-13 16:34:57 239 [GroupAggregate(groupBy=[account_id], select=[account_id, COUNT(*) AS number]) -> Calc(select=[number]) -> Sink: Sink(table=[default_catalog.default_database.john_test_sink_tb], fields=[number]) (16/16)#0] [org.apache.flink.metrics.MetricGroup] [WARN] - The operator name Sink: Sink(table=[default_catalog.default_database.john_test_sink_tb], fields=[number]) exceeded the 80 characters length limit and was truncated.
2023-01-13 16:34:57 690 [Source: KafkaSource-default_catalog.default_database.john_test_source_tb -> Calc(select=[user_id AS account_id]) (14/16)#0] [org.apache.kafka.clients.consumer.ConsumerConfig] [WARN] - The configuration 'client.id.prefix' was supplied but isn't a known config.
2023-01-13 16:34:57 690 [Source: KafkaSource-default_catalog.default_database.john_test_source_tb -> Calc(select=[user_id AS account_id]) (14/16)#0] [org.apache.kafka.clients.consumer.ConsumerConfig] [WARN] - The configuration 'partition.discovery.interval.ms' was supplied but isn't a known config.
2023-01-13 16:35:55 809 [main] [org.apache.flink.runtime.metrics.ReporterSetup] [WARN] - The reporter factory (org.apache.flink.metrics.prometheus.CustomedPrometheusPushGatewayReporterFactory) could not be found for reporter promgateway. Available factories: [].
2023-01-13 16:35:56 875 [main] [org.apache.flink.runtime.webmonitor.WebMonitorUtils] [WARN] - Log file environment variable 'log.file' is not set.
2023-01-13 16:35:56 875 [main] [org.apache.flink.runtime.webmonitor.WebMonitorUtils] [WARN] - JobManager log files are unavailable in the web dashboard. Log file location not found in environment variable 'log.file' or configuration key 'web.log.path'.
2023-01-13 16:35:58 551 [SourceCoordinator-Source: KafkaSource-default_catalog.default_database.john_test_source_tb -> Calc(select=[user_id AS account_id])] [org.apache.kafka.clients.consumer.ConsumerConfig] [WARN] - The configuration 'client.id.prefix' was supplied but isn't a known config.
2023-01-13 16:35:58 551 [SourceCoordinator-Source: KafkaSource-default_catalog.default_database.john_test_source_tb -> Calc(select=[user_id AS account_id])] [org.apache.kafka.clients.consumer.ConsumerConfig] [WARN] - The configuration 'partition.discovery.interval.ms' was supplied but isn't a known config.
2023-01-13 16:35:58 620 [SourceCoordinator-Source: KafkaSource-default_catalog.default_database.john_test_source_tb -> Calc(select=[user_id AS account_id])] [org.apache.kafka.clients.admin.AdminClientConfig] [WARN] - The configuration 'key.deserializer' was supplied but isn't a known config.
2023-01-13 16:35:58 621 [SourceCoordinator-Source: KafkaSource-default_catalog.default_database.john_test_source_tb -> Calc(select=[user_id AS account_id])] [org.apache.kafka.clients.admin.AdminClientConfig] [WARN] - The configuration 'value.deserializer' was supplied but isn't a known config.
2023-01-13 16:35:58 621 [SourceCoordinator-Source: KafkaSource-default_catalog.default_database.john_test_source_tb -> Calc(select=[user_id AS account_id])] [org.apache.kafka.clients.admin.AdminClientConfig] [WARN] - The configuration 'enable.auto.commit' was supplied but isn't a known config.
2023-01-13 16:35:58 621 [SourceCoordinator-Source: KafkaSource-default_catalog.default_database.john_test_source_tb -> Calc(select=[user_id AS account_id])] [org.apache.kafka.clients.admin.AdminClientConfig] [WARN] - The configuration 'group.id' was supplied but isn't a known config.
2023-01-13 16:35:58 621 [SourceCoordinator-Source: KafkaSource-default_catalog.default_database.john_test_source_tb -> Calc(select=[user_id AS account_id])] [org.apache.kafka.clients.admin.AdminClientConfig] [WARN] - The configuration 'client.id.prefix' was supplied but isn't a known config.
2023-01-13 16:35:58 621 [SourceCoordinator-Source: KafkaSource-default_catalog.default_database.john_test_source_tb -> Calc(select=[user_id AS account_id])] [org.apache.kafka.clients.admin.AdminClientConfig] [WARN] - The configuration 'partition.discovery.interval.ms' was supplied but isn't a known config.
2023-01-13 16:35:58 621 [SourceCoordinator-Source: KafkaSource-default_catalog.default_database.john_test_source_tb -> Calc(select=[user_id AS account_id])] [org.apache.kafka.clients.admin.AdminClientConfig] [WARN] - The configuration 'auto.offset.reset' was supplied but isn't a known config.
2023-01-13 16:35:58 670 [GroupAggregate(groupBy=[account_id], select=[account_id, COUNT(*) AS number]) -> Calc(select=[number]) -> Sink: Sink(table=[default_catalog.default_database.john_test_sink_tb], fields=[number]) (4/16)#0] [org.apache.flink.metrics.MetricGroup] [WARN] - The operator name Sink: Sink(table=[default_catalog.default_database.john_test_sink_tb], fields=[number]) exceeded the 80 characters length limit and was truncated.
2023-01-13 16:35:58 671 [GroupAggregate(groupBy=[account_id], select=[account_id, COUNT(*) AS number]) -> Calc(select=[number]) -> Sink: Sink(table=[default_catalog.default_database.john_test_sink_tb], fields=[number]) (7/16)#0] [org.apache.flink.metrics.MetricGroup] [WARN] - The operator name Sink: Sink(table=[default_catalog.default_database.john_test_sink_tb], fields=[number]) exceeded the 80 characters length limit and was truncated.
2023-01-13 16:35:58 672 [GroupAggregate(groupBy=[account_id], select=[account_id, COUNT(*) AS number]) -> Calc(select=[number]) -> Sink: Sink(table=[default_catalog.default_database.john_test_sink_tb], fields=[number]) (5/16)#0] [org.apache.flink.metrics.MetricGroup] [WARN] - The operator name Sink: Sink(table=[default_catalog.default_database.john_test_sink_tb], fields=[number]) exceeded the 80 characters length limit and was truncated.
2023-01-13 16:35:58 673 [GroupAggregate(groupBy=[account_id], select=[account_id, COUNT(*) AS number]) -> Calc(select=[number]) -> Sink: Sink(table=[default_catalog.default_database.john_test_sink_tb], fields=[number]) (1/16)#0] [org.apache.flink.metrics.MetricGroup] [WARN] - The operator name Sink: Sink(table=[default_catalog.default_database.john_test_sink_tb], fields=[number]) exceeded the 80 characters length limit and was truncated.
2023-01-13 16:35:58 673 [GroupAggregate(groupBy=[account_id], select=[account_id, COUNT(*) AS number]) -> Calc(select=[number]) -> Sink: Sink(table=[default_catalog.default_database.john_test_sink_tb], fields=[number]) (2/16)#0] [org.apache.flink.metrics.MetricGroup] [WARN] - The operator name Sink: Sink(table=[default_catalog.default_database.john_test_sink_tb], fields=[number]) exceeded the 80 characters length limit and was truncated.
2023-01-13 16:35:58 674 [GroupAggregate(groupBy=[account_id], select=[account_id, COUNT(*) AS number]) -> Calc(select=[number]) -> Sink: Sink(table=[default_catalog.default_database.john_test_sink_tb], fields=[number]) (8/16)#0] [org.apache.flink.metrics.MetricGroup] [WARN] - The operator name Sink: Sink(table=[default_catalog.default_database.john_test_sink_tb], fields=[number]) exceeded the 80 characters length limit and was truncated.
2023-01-13 16:35:58 673 [GroupAggregate(groupBy=[account_id], select=[account_id, COUNT(*) AS number]) -> Calc(select=[number]) -> Sink: Sink(table=[default_catalog.default_database.john_test_sink_tb], fields=[number]) (9/16)#0] [org.apache.flink.metrics.MetricGroup] [WARN] - The operator name Sink: Sink(table=[default_catalog.default_database.john_test_sink_tb], fields=[number]) exceeded the 80 characters length limit and was truncated.
2023-01-13 16:35:58 673 [GroupAggregate(groupBy=[account_id], select=[account_id, COUNT(*) AS number]) -> Calc(select=[number]) -> Sink: Sink(table=[default_catalog.default_database.john_test_sink_tb], fields=[number]) (3/16)#0] [org.apache.flink.metrics.MetricGroup] [WARN] - The operator name Sink: Sink(table=[default_catalog.default_database.john_test_sink_tb], fields=[number]) exceeded the 80 characters length limit and was truncated.
2023-01-13 16:35:58 686 [GroupAggregate(groupBy=[account_id], select=[account_id, COUNT(*) AS number]) -> Calc(select=[number]) -> Sink: Sink(table=[default_catalog.default_database.john_test_sink_tb], fields=[number]) (11/16)#0] [org.apache.flink.metrics.MetricGroup] [WARN] - The operator name Sink: Sink(table=[default_catalog.default_database.john_test_sink_tb], fields=[number]) exceeded the 80 characters length limit and was truncated.
2023-01-13 16:35:58 684 [GroupAggregate(groupBy=[account_id], select=[account_id, COUNT(*) AS number]) -> Calc(select=[number]) -> Sink: Sink(table=[default_catalog.default_database.john_test_sink_tb], fields=[number]) (10/16)#0] [org.apache.flink.metrics.MetricGroup] [WARN] - The operator name Sink: Sink(table=[default_catalog.default_database.john_test_sink_tb], fields=[number]) exceeded the 80 characters length limit and was truncated.
2023-01-13 16:35:58 674 [GroupAggregate(groupBy=[account_id], select=[account_id, COUNT(*) AS number]) -> Calc(select=[number]) -> Sink: Sink(table=[default_catalog.default_database.john_test_sink_tb], fields=[number]) (6/16)#0] [org.apache.flink.metrics.MetricGroup] [WARN] - The operator name Sink: Sink(table=[default_catalog.default_database.john_test_sink_tb], fields=[number]) exceeded the 80 characters length limit and was truncated.
2023-01-13 16:35:58 699 [GroupAggregate(groupBy=[account_id], select=[account_id, COUNT(*) AS number]) -> Calc(select=[number]) -> Sink: Sink(table=[default_catalog.default_database.john_test_sink_tb], fields=[number]) (12/16)#0] [org.apache.flink.metrics.MetricGroup] [WARN] - The operator name Sink: Sink(table=[default_catalog.default_database.john_test_sink_tb], fields=[number]) exceeded the 80 characters length limit and was truncated.
2023-01-13 16:35:58 701 [GroupAggregate(groupBy=[account_id], select=[account_id, COUNT(*) AS number]) -> Calc(select=[number]) -> Sink: Sink(table=[default_catalog.default_database.john_test_sink_tb], fields=[number]) (13/16)#0] [org.apache.flink.metrics.MetricGroup] [WARN] - The operator name Sink: Sink(table=[default_catalog.default_database.john_test_sink_tb], fields=[number]) exceeded the 80 characters length limit and was truncated.
2023-01-13 16:35:58 705 [GroupAggregate(groupBy=[account_id], select=[account_id, COUNT(*) AS number]) -> Calc(select=[number]) -> Sink: Sink(table=[default_catalog.default_database.john_test_sink_tb], fields=[number]) (15/16)#0] [org.apache.flink.metrics.MetricGroup] [WARN] - The operator name Sink: Sink(table=[default_catalog.default_database.john_test_sink_tb], fields=[number]) exceeded the 80 characters length limit and was truncated.
2023-01-13 16:35:58 712 [GroupAggregate(groupBy=[account_id], select=[account_id, COUNT(*) AS number]) -> Calc(select=[number]) -> Sink: Sink(table=[default_catalog.default_database.john_test_sink_tb], fields=[number]) (14/16)#0] [org.apache.flink.metrics.MetricGroup] [WARN] - The operator name Sink: Sink(table=[default_catalog.default_database.john_test_sink_tb], fields=[number]) exceeded the 80 characters length limit and was truncated.
2023-01-13 16:35:58 715 [GroupAggregate(groupBy=[account_id], select=[account_id, COUNT(*) AS number]) -> Calc(select=[number]) -> Sink: Sink(table=[default_catalog.default_database.john_test_sink_tb], fields=[number]) (16/16)#0] [org.apache.flink.metrics.MetricGroup] [WARN] - The operator name Sink: Sink(table=[default_catalog.default_database.john_test_sink_tb], fields=[number]) exceeded the 80 characters length limit and was truncated.
2023-01-13 16:35:59 189 [Source: KafkaSource-default_catalog.default_database.john_test_source_tb -> Calc(select=[user_id AS account_id]) (14/16)#0] [org.apache.kafka.clients.consumer.ConsumerConfig] [WARN] - The configuration 'client.id.prefix' was supplied but isn't a known config.
2023-01-13 16:35:59 190 [Source: KafkaSource-default_catalog.default_database.john_test_source_tb -> Calc(select=[user_id AS account_id]) (14/16)#0] [org.apache.kafka.clients.consumer.ConsumerConfig] [WARN] - The configuration 'partition.discovery.interval.ms' was supplied but isn't a known config.
2023-01-13 16:36:38 721 [main] [org.apache.flink.runtime.metrics.ReporterSetup] [WARN] - The reporter factory (org.apache.flink.metrics.prometheus.CustomedPrometheusPushGatewayReporterFactory) could not be found for reporter promgateway. Available factories: [].
2023-01-13 16:36:39 825 [main] [org.apache.flink.runtime.webmonitor.WebMonitorUtils] [WARN] - Log file environment variable 'log.file' is not set.
2023-01-13 16:36:39 825 [main] [org.apache.flink.runtime.webmonitor.WebMonitorUtils] [WARN] - JobManager log files are unavailable in the web dashboard. Log file location not found in environment variable 'log.file' or configuration key 'web.log.path'.
2023-01-13 16:36:41 525 [SourceCoordinator-Source: KafkaSource-default_catalog.default_database.john_test_source_tb -> Calc(select=[user_id AS account_id])] [org.apache.kafka.clients.consumer.ConsumerConfig] [WARN] - The configuration 'client.id.prefix' was supplied but isn't a known config.
2023-01-13 16:36:41 525 [SourceCoordinator-Source: KafkaSource-default_catalog.default_database.john_test_source_tb -> Calc(select=[user_id AS account_id])] [org.apache.kafka.clients.consumer.ConsumerConfig] [WARN] - The configuration 'partition.discovery.interval.ms' was supplied but isn't a known config.
2023-01-13 16:36:41 580 [SourceCoordinator-Source: KafkaSource-default_catalog.default_database.john_test_source_tb -> Calc(select=[user_id AS account_id])] [org.apache.kafka.clients.admin.AdminClientConfig] [WARN] - The configuration 'key.deserializer' was supplied but isn't a known config.
2023-01-13 16:36:41 581 [SourceCoordinator-Source: KafkaSource-default_catalog.default_database.john_test_source_tb -> Calc(select=[user_id AS account_id])] [org.apache.kafka.clients.admin.AdminClientConfig] [WARN] - The configuration 'value.deserializer' was supplied but isn't a known config.
2023-01-13 16:36:41 581 [SourceCoordinator-Source: KafkaSource-default_catalog.default_database.john_test_source_tb -> Calc(select=[user_id AS account_id])] [org.apache.kafka.clients.admin.AdminClientConfig] [WARN] - The configuration 'enable.auto.commit' was supplied but isn't a known config.
2023-01-13 16:36:41 581 [SourceCoordinator-Source: KafkaSource-default_catalog.default_database.john_test_source_tb -> Calc(select=[user_id AS account_id])] [org.apache.kafka.clients.admin.AdminClientConfig] [WARN] - The configuration 'group.id' was supplied but isn't a known config.
2023-01-13 16:36:41 581 [SourceCoordinator-Source: KafkaSource-default_catalog.default_database.john_test_source_tb -> Calc(select=[user_id AS account_id])] [org.apache.kafka.clients.admin.AdminClientConfig] [WARN] - The configuration 'client.id.prefix' was supplied but isn't a known config.
2023-01-13 16:36:41 581 [SourceCoordinator-Source: KafkaSource-default_catalog.default_database.john_test_source_tb -> Calc(select=[user_id AS account_id])] [org.apache.kafka.clients.admin.AdminClientConfig] [WARN] - The configuration 'partition.discovery.interval.ms' was supplied but isn't a known config.
2023-01-13 16:36:41 581 [SourceCoordinator-Source: KafkaSource-default_catalog.default_database.john_test_source_tb -> Calc(select=[user_id AS account_id])] [org.apache.kafka.clients.admin.AdminClientConfig] [WARN] - The configuration 'auto.offset.reset' was supplied but isn't a known config.
2023-01-13 16:36:41 661 [GroupAggregate(groupBy=[account_id], select=[account_id, COUNT(*) AS number]) -> Calc(select=[number]) -> Sink: Sink(table=[default_catalog.default_database.john_test_sink_tb], fields=[number]) (11/16)#0] [org.apache.flink.metrics.MetricGroup] [WARN] - The operator name Sink: Sink(table=[default_catalog.default_database.john_test_sink_tb], fields=[number]) exceeded the 80 characters length limit and was truncated.
2023-01-13 16:36:41 663 [GroupAggregate(groupBy=[account_id], select=[account_id, COUNT(*) AS number]) -> Calc(select=[number]) -> Sink: Sink(table=[default_catalog.default_database.john_test_sink_tb], fields=[number]) (9/16)#0] [org.apache.flink.metrics.MetricGroup] [WARN] - The operator name Sink: Sink(table=[default_catalog.default_database.john_test_sink_tb], fields=[number]) exceeded the 80 characters length limit and was truncated.
2023-01-13 16:36:41 664 [GroupAggregate(groupBy=[account_id], select=[account_id, COUNT(*) AS number]) -> Calc(select=[number]) -> Sink: Sink(table=[default_catalog.default_database.john_test_sink_tb], fields=[number]) (12/16)#0] [org.apache.flink.metrics.MetricGroup] [WARN] - The operator name Sink: Sink(table=[default_catalog.default_database.john_test_sink_tb], fields=[number]) exceeded the 80 characters length limit and was truncated.
2023-01-13 16:36:41 666 [GroupAggregate(groupBy=[account_id], select=[account_id, COUNT(*) AS number]) -> Calc(select=[number]) -> Sink: Sink(table=[default_catalog.default_database.john_test_sink_tb], fields=[number]) (13/16)#0] [org.apache.flink.metrics.MetricGroup] [WARN] - The operator name Sink: Sink(table=[default_catalog.default_database.john_test_sink_tb], fields=[number]) exceeded the 80 characters length limit and was truncated.
2023-01-13 16:36:41 667 [GroupAggregate(groupBy=[account_id], select=[account_id, COUNT(*) AS number]) -> Calc(select=[number]) -> Sink: Sink(table=[default_catalog.default_database.john_test_sink_tb], fields=[number]) (1/16)#0] [org.apache.flink.metrics.MetricGroup] [WARN] - The operator name Sink: Sink(table=[default_catalog.default_database.john_test_sink_tb], fields=[number]) exceeded the 80 characters length limit and was truncated.
2023-01-13 16:36:41 667 [GroupAggregate(groupBy=[account_id], select=[account_id, COUNT(*) AS number]) -> Calc(select=[number]) -> Sink: Sink(table=[default_catalog.default_database.john_test_sink_tb], fields=[number]) (4/16)#0] [org.apache.flink.metrics.MetricGroup] [WARN] - The operator name Sink: Sink(table=[default_catalog.default_database.john_test_sink_tb], fields=[number]) exceeded the 80 characters length limit and was truncated.
2023-01-13 16:36:41 670 [GroupAggregate(groupBy=[account_id], select=[account_id, COUNT(*) AS number]) -> Calc(select=[number]) -> Sink: Sink(table=[default_catalog.default_database.john_test_sink_tb], fields=[number]) (2/16)#0] [org.apache.flink.metrics.MetricGroup] [WARN] - The operator name Sink: Sink(table=[default_catalog.default_database.john_test_sink_tb], fields=[number]) exceeded the 80 characters length limit and was truncated.
2023-01-13 16:36:41 670 [GroupAggregate(groupBy=[account_id], select=[account_id, COUNT(*) AS number]) -> Calc(select=[number]) -> Sink: Sink(table=[default_catalog.default_database.john_test_sink_tb], fields=[number]) (14/16)#0] [org.apache.flink.metrics.MetricGroup] [WARN] - The operator name Sink: Sink(table=[default_catalog.default_database.john_test_sink_tb], fields=[number]) exceeded the 80 characters length limit and was truncated.
2023-01-13 16:36:41 673 [GroupAggregate(groupBy=[account_id], select=[account_id, COUNT(*) AS number]) -> Calc(select=[number]) -> Sink: Sink(table=[default_catalog.default_database.john_test_sink_tb], fields=[number]) (6/16)#0] [org.apache.flink.metrics.MetricGroup] [WARN] - The operator name Sink: Sink(table=[default_catalog.default_database.john_test_sink_tb], fields=[number]) exceeded the 80 characters length limit and was truncated.
2023-01-13 16:36:41 668 [GroupAggregate(groupBy=[account_id], select=[account_id, COUNT(*) AS number]) -> Calc(select=[number]) -> Sink: Sink(table=[default_catalog.default_database.john_test_sink_tb], fields=[number]) (5/16)#0] [org.apache.flink.metrics.MetricGroup] [WARN] - The operator name Sink: Sink(table=[default_catalog.default_database.john_test_sink_tb], fields=[number]) exceeded the 80 characters length limit and was truncated.
2023-01-13 16:36:41 668 [GroupAggregate(groupBy=[account_id], select=[account_id, COUNT(*) AS number]) -> Calc(select=[number]) -> Sink: Sink(table=[default_catalog.default_database.john_test_sink_tb], fields=[number]) (8/16)#0] [org.apache.flink.metrics.MetricGroup] [WARN] - The operator name Sink: Sink(table=[default_catalog.default_database.john_test_sink_tb], fields=[number]) exceeded the 80 characters length limit and was truncated.
2023-01-13 16:36:41 673 [GroupAggregate(groupBy=[account_id], select=[account_id, COUNT(*) AS number]) -> Calc(select=[number]) -> Sink: Sink(table=[default_catalog.default_database.john_test_sink_tb], fields=[number]) (7/16)#0] [org.apache.flink.metrics.MetricGroup] [WARN] - The operator name Sink: Sink(table=[default_catalog.default_database.john_test_sink_tb], fields=[number]) exceeded the 80 characters length limit and was truncated.
2023-01-13 16:36:41 680 [GroupAggregate(groupBy=[account_id], select=[account_id, COUNT(*) AS number]) -> Calc(select=[number]) -> Sink: Sink(table=[default_catalog.default_database.john_test_sink_tb], fields=[number]) (10/16)#0] [org.apache.flink.metrics.MetricGroup] [WARN] - The operator name Sink: Sink(table=[default_catalog.default_database.john_test_sink_tb], fields=[number]) exceeded the 80 characters length limit and was truncated.
2023-01-13 16:36:41 680 [GroupAggregate(groupBy=[account_id], select=[account_id, COUNT(*) AS number]) -> Calc(select=[number]) -> Sink: Sink(table=[default_catalog.default_database.john_test_sink_tb], fields=[number]) (3/16)#0] [org.apache.flink.metrics.MetricGroup] [WARN] - The operator name Sink: Sink(table=[default_catalog.default_database.john_test_sink_tb], fields=[number]) exceeded the 80 characters length limit and was truncated.
2023-01-13 16:36:41 681 [GroupAggregate(groupBy=[account_id], select=[account_id, COUNT(*) AS number]) -> Calc(select=[number]) -> Sink: Sink(table=[default_catalog.default_database.john_test_sink_tb], fields=[number]) (15/16)#0] [org.apache.flink.metrics.MetricGroup] [WARN] - The operator name Sink: Sink(table=[default_catalog.default_database.john_test_sink_tb], fields=[number]) exceeded the 80 characters length limit and was truncated.
2023-01-13 16:36:41 686 [GroupAggregate(groupBy=[account_id], select=[account_id, COUNT(*) AS number]) -> Calc(select=[number]) -> Sink: Sink(table=[default_catalog.default_database.john_test_sink_tb], fields=[number]) (16/16)#0] [org.apache.flink.metrics.MetricGroup] [WARN] - The operator name Sink: Sink(table=[default_catalog.default_database.john_test_sink_tb], fields=[number]) exceeded the 80 characters length limit and was truncated.
2023-01-13 16:36:42 150 [Source: KafkaSource-default_catalog.default_database.john_test_source_tb -> Calc(select=[user_id AS account_id]) (14/16)#0] [org.apache.kafka.clients.consumer.ConsumerConfig] [WARN] - The configuration 'client.id.prefix' was supplied but isn't a known config.
2023-01-13 16:36:42 150 [Source: KafkaSource-default_catalog.default_database.john_test_source_tb -> Calc(select=[user_id AS account_id]) (14/16)#0] [org.apache.kafka.clients.consumer.ConsumerConfig] [WARN] - The configuration 'partition.discovery.interval.ms' was supplied but isn't a known config.
